<?xml version="1.0" encoding="UTF-8"?>
<testsuite xmlns:xsi="http://www.w3.org/2001/XMLSchema-instance" xsi:noNamespaceSchemaLocation="https://maven.apache.org/surefire/maven-surefire-plugin/xsd/surefire-test-report-3.0.xsd" version="3.0" name="com.jhh.rl.RlApplicationTests" time="2.339" tests="1" errors="0" skipped="0" failures="0">
  <properties>
[...]
</properties>
  <testcase name="contextLoads" classname="com.jhh.rl.RlApplicationTests" time="0.133">
    <system-out><![CDATA[23:17:53.252 [main] DEBUG org.springframework.test.context.BootstrapUtils - Instantiating CacheAwareContextLoaderDelegate from class [org.springframework.test.context.cache.DefaultCacheAwareContextLoaderDelegate]
23:17:53.257 [main] DEBUG org.springframework.test.context.BootstrapUtils - Instantiating BootstrapContext using constructor [public org.springframework.test.context.support.DefaultBootstrapContext(java.lang.Class,org.springframework.test.context.CacheAwareContextLoaderDelegate)]
23:17:53.277 [main] DEBUG org.springframework.test.context.BootstrapUtils - Instantiating TestContextBootstrapper for test class [com.jhh.rl.RlApplicationTests] from class [org.springframework.boot.test.context.SpringBootTestContextBootstrapper]
23:17:53.283 [main] INFO org.springframework.boot.test.context.SpringBootTestContextBootstrapper - Neither @ContextConfiguration nor @ContextHierarchy found for test class [com.jhh.rl.RlApplicationTests], using SpringBootContextLoader
23:17:53.286 [main] DEBUG org.springframework.test.context.support.AbstractContextLoader - Did not detect default resource location for test class [com.jhh.rl.RlApplicationTests]: class path resource [com/jhh/rl/RlApplicationTests-context.xml] does not exist
23:17:53.286 [main] DEBUG org.springframework.test.context.support.AbstractContextLoader - Did not detect default resource location for test class [com.jhh.rl.RlApplicationTests]: class path resource [com/jhh/rl/RlApplicationTestsContext.groovy] does not exist
23:17:53.286 [main] INFO org.springframework.test.context.support.AbstractContextLoader - Could not detect default resource locations for test class [com.jhh.rl.RlApplicationTests]: no resource found for suffixes {-context.xml, Context.groovy}.
23:17:53.286 [main] INFO org.springframework.test.context.support.AnnotationConfigContextLoaderUtils - Could not detect default configuration classes for test class [com.jhh.rl.RlApplicationTests]: RlApplicationTests does not declare any static, non-private, non-final, nested classes annotated with @Configuration.
23:17:53.317 [main] DEBUG org.springframework.test.context.support.ActiveProfilesUtils - Could not find an 'annotation declaring class' for annotation type [org.springframework.test.context.ActiveProfiles] and class [com.jhh.rl.RlApplicationTests]
23:17:53.355 [main] DEBUG org.springframework.context.annotation.ClassPathScanningCandidateComponentProvider - Identified candidate component class: file [D:\xianshangpingtai\rl-online-exp-platform\rl-online-platform-backend\java-back\target\classes\com\jhh\rl\RlApplication.class]
23:17:53.356 [main] INFO org.springframework.boot.test.context.SpringBootTestContextBootstrapper - Found @SpringBootConfiguration com.jhh.rl.RlApplication for test class com.jhh.rl.RlApplicationTests
23:17:53.407 [main] DEBUG org.springframework.boot.test.context.SpringBootTestContextBootstrapper - @TestExecutionListeners is not present for class [com.jhh.rl.RlApplicationTests]: using defaults.
23:17:53.408 [main] INFO org.springframework.boot.test.context.SpringBootTestContextBootstrapper - Loaded default TestExecutionListener class names from location [META-INF/spring.factories]: [org.springframework.boot.test.mock.mockito.MockitoTestExecutionListener, org.springframework.boot.test.mock.mockito.ResetMocksTestExecutionListener, org.springframework.boot.test.autoconfigure.restdocs.RestDocsTestExecutionListener, org.springframework.boot.test.autoconfigure.web.client.MockRestServiceServerResetTestExecutionListener, org.springframework.boot.test.autoconfigure.web.servlet.MockMvcPrintOnlyOnFailureTestExecutionListener, org.springframework.boot.test.autoconfigure.web.servlet.WebDriverTestExecutionListener, org.springframework.boot.test.autoconfigure.webservices.client.MockWebServiceServerTestExecutionListener, org.springframework.test.context.web.ServletTestExecutionListener, org.springframework.test.context.support.DirtiesContextBeforeModesTestExecutionListener, org.springframework.test.context.event.ApplicationEventsTestExecutionListener, org.springframework.test.context.support.DependencyInjectionTestExecutionListener, org.springframework.test.context.support.DirtiesContextTestExecutionListener, org.springframework.test.context.transaction.TransactionalTestExecutionListener, org.springframework.test.context.jdbc.SqlScriptsTestExecutionListener, org.springframework.test.context.event.EventPublishingTestExecutionListener]
23:17:53.417 [main] INFO org.springframework.boot.test.context.SpringBootTestContextBootstrapper - Using TestExecutionListeners: [org.springframework.test.context.web.ServletTestExecutionListener@f58853c, org.springframework.test.context.support.DirtiesContextBeforeModesTestExecutionListener@1224144a, org.springframework.test.context.event.ApplicationEventsTestExecutionListener@29f7cefd, org.springframework.boot.test.mock.mockito.MockitoTestExecutionListener@700fb871, org.springframework.boot.test.autoconfigure.SpringBootDependencyInjectionTestExecutionListener@3b35a229, org.springframework.test.context.support.DirtiesContextTestExecutionListener@9816741, org.springframework.test.context.transaction.TransactionalTestExecutionListener@1e16c0aa, org.springframework.test.context.jdbc.SqlScriptsTestExecutionListener@13d73f29, org.springframework.test.context.event.EventPublishingTestExecutionListener@565f390, org.springframework.boot.test.mock.mockito.ResetMocksTestExecutionListener@7dc3712, org.springframework.boot.test.autoconfigure.restdocs.RestDocsTestExecutionListener@2f67a4d3, org.springframework.boot.test.autoconfigure.web.client.MockRestServiceServerResetTestExecutionListener@5e3f861, org.springframework.boot.test.autoconfigure.web.servlet.MockMvcPrintOnlyOnFailureTestExecutionListener@2fb0623e, org.springframework.boot.test.autoconfigure.web.servlet.WebDriverTestExecutionListener@49b2a47d, org.springframework.boot.test.autoconfigure.webservices.client.MockWebServiceServerTestExecutionListener@5be1d0a4]
23:17:53.419 [main] DEBUG org.springframework.test.context.support.AbstractDirtiesContextTestExecutionListener - Before test class: context [DefaultTestContext@3b6d844d testClass = RlApplicationTests, testInstance = [null], testMethod = [null], testException = [null], mergedContextConfiguration = [WebMergedContextConfiguration@36804139 testClass = RlApplicationTests, locations = '{}', classes = '{class com.jhh.rl.RlApplication}', contextInitializerClasses = '[]', activeProfiles = '{}', propertySourceLocations = '{}', propertySourceProperties = '{org.springframework.boot.test.context.SpringBootTestContextBootstrapper=true}', contextCustomizers = set[org.springframework.boot.test.context.filter.ExcludeFilterContextCustomizer@3b0090a4, org.springframework.boot.test.json.DuplicateJsonObjectContextCustomizerFactory$DuplicateJsonObjectContextCustomizer@7eac9008, org.springframework.boot.test.mock.mockito.MockitoContextCustomizer@0, org.springframework.boot.test.web.client.TestRestTemplateContextCustomizer@24269709, org.springframework.boot.test.autoconfigure.actuate.metrics.MetricsExportContextCustomizerFactory$DisableMetricExportContextCustomizer@b3ca52e, org.springframework.boot.test.autoconfigure.properties.PropertyMappingContextCustomizer@0, org.springframework.boot.test.autoconfigure.web.servlet.WebDriverContextCustomizerFactory$Customizer@23348b5d, org.springframework.boot.test.context.SpringBootTestArgs@1, org.springframework.boot.test.context.SpringBootTestWebEnvironment@7b49cea0], resourceBasePath = 'src/main/webapp', contextLoader = 'org.springframework.boot.test.context.SpringBootContextLoader', parent = [null]], attributes = map['org.springframework.test.context.web.ServletTestExecutionListener.activateListener' -> true]], class annotated with @DirtiesContext [false] with mode [null].

  .   ____          _            __ _ _
 /\\ / ___'_ __ _ _(_)_ __  __ _ \ \ \ \
( ( )\___ | '_ | '_| | '_ \/ _` | \ \ \ \
 \\/  ___)| |_)| | | | | || (_| |  ) ) ) )
  '  |____| .__|_| |_|_| |_\__, | / / / /
 =========|_|==============|___/=/_/_/_/
 :: Spring Boot ::               (v2.6.13)

2024-09-07 23:17:53.623  INFO 34748 --- [           main] com.jhh.rl.RlApplicationTests            : Starting RlApplicationTests using Java 1.8.0_181 on FLAGER with PID 34748 (started by 34295 in D:\xianshangpingtai\rl-online-exp-platform\rl-online-platform-backend\java-back)
2024-09-07 23:17:53.624  INFO 34748 --- [           main] com.jhh.rl.RlApplicationTests            : No active profile set, falling back to 1 default profile: "default"
 _ _   |_  _ _|_. ___ _ |    _ 
| | |\/|_)(_| | |_\  |_)||_|_\ 
     /               |         
                        3.5.2 
2024-09-07 23:17:54.781  WARN 34748 --- [           main] c.b.m.core.metadata.TableInfoHelper      : Can not find table primary key in Class: "com.jhh.rl.entity.ExpAndContainer".
2024-09-07 23:17:54.782  WARN 34748 --- [           main] c.b.m.core.injector.DefaultSqlInjector   : class com.jhh.rl.entity.ExpAndContainer ,Not found @TableId annotation, Cannot use Mybatis-Plus 'xxById' Method.
2024-09-07 23:17:54.792  WARN 34748 --- [           main] c.b.m.core.metadata.TableInfoHelper      : Can not find table primary key in Class: "com.jhh.rl.entity.ImageAndContainer".
2024-09-07 23:17:54.792  WARN 34748 --- [           main] c.b.m.core.injector.DefaultSqlInjector   : class com.jhh.rl.entity.ImageAndContainer ,Not found @TableId annotation, Cannot use Mybatis-Plus 'xxById' Method.
2024-09-07 23:17:54.805  WARN 34748 --- [           main] c.b.m.core.metadata.TableInfoHelper      : Can not find table primary key in Class: "com.jhh.rl.entity.ImageAndEnvAndAlg".
2024-09-07 23:17:54.805  WARN 34748 --- [           main] c.b.m.core.injector.DefaultSqlInjector   : class com.jhh.rl.entity.ImageAndEnvAndAlg ,Not found @TableId annotation, Cannot use Mybatis-Plus 'xxById' Method.
2024-09-07 23:17:55.179  INFO 34748 --- [           main] o.s.b.a.w.s.WelcomePageHandlerMapping    : Adding welcome page: class path resource [static/index.html]
2024-09-07 23:17:55.406  INFO 34748 --- [           main] com.jhh.rl.RlApplicationTests            : Started RlApplicationTests in 1.965 seconds (JVM running for 2.495)
]]></system-out>
  </testcase>
</testsuite>